<?xml version="1.0" encoding="UTF-8"?>
<!-- Generated by org.testng.reporters.JUnitReportReporter -->
<testsuite hostname="TMZ-DPC-2175" failures="0" tests="1" name="com.pomWithoutPageFactory.HomePageTest" time="2.488" errors="0" timestamp="2023-10-27T12:52:30 IST" skipped="0">
  <testcase classname="com.pomWithoutPageFactory.HomePageTest" name="HomeTest" time="2.488"/>
</testsuite> <!-- com.pomWithoutPageFactory.HomePageTest -->
