<?xml version="1.0" encoding="UTF-8"?>
<!-- Generated by org.testng.reporters.JUnitReportReporter -->
<testsuite hostname="TMZ-DPC-2175" failures="0" tests="3" name="com.sauceDemo.LoginTest" time="32.304" errors="0" timestamp="2023-10-31T10:03:04 IST" skipped="0">
  <testcase classname="com.sauceDemo.LoginTest" name="loginTest" time="13.496"/>
  <testcase classname="com.sauceDemo.LoginTest" name="loginTest" time="6.748"/>
  <testcase classname="com.sauceDemo.LoginTest" name="loginTest" time="12.060"/>
</testsuite> <!-- com.sauceDemo.LoginTest -->
