<?xml version="1.0" encoding="UTF-8"?>
<!-- Generated by org.testng.reporters.JUnitReportReporter -->
<testsuite hostname="TMZ-DPC-2175" failures="0" tests="1" name="com.pomWithoutPageFactory.LoginTest" time="0.410" errors="0" timestamp="2023-10-27T12:52:30 IST" skipped="0">
  <testcase classname="com.pomWithoutPageFactory.LoginTest" name="loginTest" time="0.410"/>
</testsuite> <!-- com.pomWithoutPageFactory.LoginTest -->
