<?xml version="1.0" encoding="UTF-8"?>
<!-- Generated by org.testng.reporters.JUnitReportReporter -->
<testsuite hostname="TMZ-DPC-2175" failures="0" tests="1" name="TravelGuru.RegisterTest" time="2.222" errors="0" timestamp="2023-10-27T16:35:44 IST" skipped="0">
  <testcase classname="TravelGuru.RegisterTest" name="TestSignup" time="2.222"/>
</testsuite> <!-- TravelGuru.RegisterTest -->
