<?xml version="1.0" encoding="UTF-8"?>
<!-- Generated by org.testng.reporters.JUnitReportReporter -->
<testsuite hostname="TMZ-DPC-2175" failures="0" tests="1" name="TestNG.com.TestNGDemo.DemoTest" time="14.392" errors="0" timestamp="24 Oct 2023 07:17:14 GMT">
  <testcase classname="TestNG.com.TestNGDemo.DemoTest" name="validation" time="14.392"/>
</testsuite> <!-- TestNG.com.TestNGDemo.DemoTest -->
