<?xml version="1.0" encoding="UTF-8"?>
<!-- Generated by org.testng.reporters.JUnitReportReporter -->
<testsuite hostname="TMZ-DPC-2175" failures="0" tests="2" name="TestNG.com.TestNGDemo.Dataprovider" time="43.890" errors="0" timestamp="2023-10-26T18:27:45 IST" skipped="0">
  <testcase classname="TestNG.com.TestNGDemo.Dataprovider" name="search" time="24.796"/>
  <testcase classname="TestNG.com.TestNGDemo.Dataprovider" name="search" time="19.094"/>
</testsuite> <!-- TestNG.com.TestNGDemo.Dataprovider -->
