<?xml version="1.0" encoding="UTF-8"?>
<!-- Generated by org.testng.reporters.JUnitReportReporter -->
<testsuite hostname="TMZ-DPC-2175" failures="0" tests="1" name="com.pomWithPageFactory.HomePageTest" time="4.182" errors="0" timestamp="2023-10-27T13:52:56 IST" skipped="0">
  <testcase classname="com.pomWithPageFactory.HomePageTest" name="HomeTest" time="4.182"/>
</testsuite> <!-- com.pomWithPageFactory.HomePageTest -->
