<?xml version="1.0" encoding="UTF-8"?>
<!-- Generated by org.testng.reporters.JUnitReportReporter -->
<testsuite hostname="TMZ-DPC-2175" failures="0" tests="1" name="com.pomWithPageFactory.LoginTest" time="0.665" errors="0" timestamp="2023-10-27T13:52:56 IST" skipped="0">
  <testcase classname="com.pomWithPageFactory.LoginTest" name="loginTest" time="0.665"/>
</testsuite> <!-- com.pomWithPageFactory.LoginTest -->
