<?xml version="1.0" encoding="UTF-8"?>
<!-- Generated by org.testng.reporters.JUnitReportReporter -->
<testsuite hostname="TMZ-DPC-2175" failures="0" tests="4" name="TestNG.com.TestNGDemo.paramters" time="16.279" errors="0" timestamp="2023-10-25T18:46:23 IST" skipped="0">
  <testcase classname="TestNG.com.TestNGDemo.paramters" name="InvalidCredentials" time="8.563"/>
  <testcase classname="TestNG.com.TestNGDemo.paramters" name="InvalidCredentials" time="2.400"/>
  <testcase classname="TestNG.com.TestNGDemo.paramters" name="validCredentials" time="1.825"/>
  <testcase classname="TestNG.com.TestNGDemo.paramters" name="validCredentials" time="3.491"/>
</testsuite> <!-- TestNG.com.TestNGDemo.paramters -->
