<?xml version="1.0" encoding="UTF-8"?>
<!-- Generated by org.testng.reporters.JUnitReportReporter -->
<testsuite hostname="TMZ-DPC-2175" failures="0" tests="3" name="TestNG.com.TestNGDemo.Priority" time="0.010" errors="0" timestamp="2023-10-25T10:55:03 IST" skipped="1">
  <testcase classname="TestNG.com.TestNGDemo.Priority" name="a" time="0.009"/>
  <testcase classname="TestNG.com.TestNGDemo.Priority" name="c" time="0.001"/>
  <testcase classname="TestNG.com.TestNGDemo.Priority" name="b">
    <skipped/>
  </testcase> <!-- b -->
</testsuite> <!-- TestNG.com.TestNGDemo.Priority -->
