<?xml version="1.0" encoding="UTF-8"?>
<!-- Generated by org.testng.reporters.JUnitReportReporter -->
<testsuite hostname="TMZ-DPC-2175" failures="0" tests="1" name="com.TestNGASSESSMENT.Test.TestNG.RegisterTest" time="9.998" errors="0" timestamp="2023-10-31T13:02:14 IST" skipped="0">
  <testcase classname="com.TestNGASSESSMENT.Test.TestNG.RegisterTest" name="register" time="9.998"/>
</testsuite> <!-- com.TestNGASSESSMENT.Test.TestNG.RegisterTest -->
