<?xml version="1.0" encoding="UTF-8"?>
<!-- Generated by org.testng.reporters.JUnitReportReporter -->
<testsuite hostname="TMZ-DPC-2175" failures="0" tests="1" name="TestNG.com.TestNGDemo.DemoTest" time="3.957" errors="0" timestamp="24 Oct 2023 12:12:45 GMT">
  <testcase classname="TestNG.com.TestNGDemo.DemoTest" name="validation" time="3.957"/>
</testsuite> <!-- TestNG.com.TestNGDemo.DemoTest -->
